{"ts":"2026-02-09T13:28:31.424Z","step":"after-publish-input","resolvedCategoryId":"224","categoryPathIdsLength":2}
{"ts":"2026-02-09T13:28:31.424Z","step":"publish-flow-version","version":"2026-02-07-v5"}
{"ts":"2026-02-09T13:28:31.653Z","step":"fill-title-start"}
{"ts":"2026-02-09T13:28:35.932Z","step":"fill-title-done","success":true}
{"ts":"2026-02-09T13:28:35.932Z","step":"fill-description-start"}
{"ts":"2026-02-09T13:28:40.293Z","step":"fill-description-done","success":true}
{"ts":"2026-02-09T13:28:40.497Z","step":"fill-price-start"}
{"ts":"2026-02-09T13:28:41.242Z","step":"fill-price-done","success":true}
{"ts":"2026-02-09T13:28:46.031Z","step":"category-selection-skipped","reason":"category-already-set-in-form"}
{"ts":"2026-02-09T13:29:02.934Z","step":"debug-saved","label":"direct-buy-not-present","metaPath":"/Users/eurocare/Downloads/barvihaluxury-main/backend/data/debug/publish-Dnx_nilslol_freenet.de_-direct-buy-not-present-2026-02-09T13-29-02-773Z.json"}
{"ts":"2026-02-09T13:29:02.941Z","step":"images-upload-start","count":1}
{"ts":"2026-02-09T13:29:11.248Z","step":"images-upload-done","success":true,"uploaded":true}
{"ts":"2026-02-09T13:29:11.382Z","step":"debug-saved","label":"images-upload","metaPath":"/Users/eurocare/Downloads/barvihaluxury-main/backend/data/debug/publish-Dnx_nilslol_freenet.de_-images-upload-2026-02-09T13-29-11-249Z.json"}
{"ts":"2026-02-09T13:29:11.951Z","step":"before-submit"}
{"ts":"2026-02-09T13:29:13.080Z","step":"debug-saved","label":"before-publish-page","metaPath":"/Users/eurocare/Downloads/barvihaluxury-main/backend/data/debug/publish-Dnx_nilslol_freenet.de_-before-publish-page-2026-02-09T13-29-12-960Z.json"}
{"ts":"2026-02-09T13:29:13.155Z","step":"debug-saved","label":"before-submit-click","metaPath":"/Users/eurocare/Downloads/barvihaluxury-main/backend/data/debug/publish-Dnx_nilslol_freenet.de_-before-submit-click-2026-02-09T13-29-13-084Z.json"}
{"ts":"2026-02-09T13:29:13.156Z","step":"before-submit-click-dumped","submitCandidateContexts":7,"submitCandidateTotal":2}
{"ts":"2026-02-09T13:29:13.265Z","step":"submit-clicked"}
{"ts":"2026-02-09T13:29:13.273Z","step":"publish-state-initial","publishState":"form"}
{"ts":"2026-02-09T13:29:13.360Z","step":"debug-saved","label":"after-submit-form","metaPath":"/Users/eurocare/Downloads/barvihaluxury-main/backend/data/debug/publish-Dnx_nilslol_freenet.de_-after-submit-form-2026-02-09T13-29-13-273Z.json"}
{"ts":"2026-02-09T13:29:13.360Z","step":"publish-state-no-fallback","publishState":"form"}
{"ts":"2026-02-09T13:29:13.365Z","step":"publish-state-from-frames","publishState":"form"}
{"ts":"2026-02-09T13:29:13.366Z","step":"publish-form-errors-before-repair","errors":0}
{"ts":"2026-02-09T13:29:13.366Z","step":"publish-invalid-repair-skipped","reason":"no-visible-errors"}
{"ts":"2026-02-09T13:29:15.913Z","step":"publish-success-signals","publishState":"form","errors":0,"isPreview":false,"hasSuccessText":false,"hasShadowSuccessText":false,"hasAdLink":false,"progressDetected":true,"progressedAwayFromForm":false}
{"ts":"2026-02-09T13:30:23.667Z","step":"publish-fallback-my-ads-check","verified":false,"method":"","reason":"not-found"}
{"ts":"2026-02-09T13:30:23.838Z","step":"debug-saved","label":"publish-not-confirmed","metaPath":"/Users/eurocare/Downloads/barvihaluxury-main/backend/data/debug/publish-Dnx_nilslol_freenet.de_-publish-not-confirmed-2026-02-09T13-30-23-668Z.json"}
{"ts":"2026-02-09T14:09:20.338Z","step":"after-publish-input","resolvedCategoryId":"224","categoryPathIdsLength":2}
{"ts":"2026-02-09T14:09:20.339Z","step":"publish-flow-version","version":"2026-02-07-v5"}
{"ts":"2026-02-09T14:09:20.498Z","step":"fill-title-start"}
{"ts":"2026-02-09T14:09:25.575Z","step":"fill-title-done","success":true}
{"ts":"2026-02-09T14:09:25.575Z","step":"fill-description-start"}
{"ts":"2026-02-09T14:09:30.611Z","step":"fill-description-done","success":true}
{"ts":"2026-02-09T14:09:30.735Z","step":"fill-price-start"}
{"ts":"2026-02-09T14:09:31.047Z","step":"fill-price-done","success":true}
{"ts":"2026-02-09T14:09:35.859Z","step":"category-selection-skipped","reason":"category-already-set-in-form"}
{"ts":"2026-02-09T14:09:52.624Z","step":"debug-saved","label":"direct-buy-not-present","metaPath":"/Users/eurocare/Downloads/barvihaluxury-main/backend/data/debug/publish-Dnx_nilslol_freenet.de_-direct-buy-not-present-2026-02-09T14-09-52-478Z.json"}
{"ts":"2026-02-09T14:09:52.633Z","step":"extra-fields-applied","total":2,"appliedCount":0}
{"ts":"2026-02-09T14:09:52.634Z","step":"images-upload-start","count":1}
{"ts":"2026-02-09T14:09:56.178Z","step":"images-upload-done","success":true,"uploaded":true}
{"ts":"2026-02-09T14:09:56.357Z","step":"debug-saved","label":"images-upload","metaPath":"/Users/eurocare/Downloads/barvihaluxury-main/backend/data/debug/publish-Dnx_nilslol_freenet.de_-images-upload-2026-02-09T14-09-56-180Z.json"}
{"ts":"2026-02-09T14:09:56.884Z","step":"before-submit"}
{"ts":"2026-02-09T14:09:58.033Z","step":"debug-saved","label":"before-publish-page","metaPath":"/Users/eurocare/Downloads/barvihaluxury-main/backend/data/debug/publish-Dnx_nilslol_freenet.de_-before-publish-page-2026-02-09T14-09-57-892Z.json"}
{"ts":"2026-02-09T14:09:58.124Z","step":"debug-saved","label":"before-submit-click","metaPath":"/Users/eurocare/Downloads/barvihaluxury-main/backend/data/debug/publish-Dnx_nilslol_freenet.de_-before-submit-click-2026-02-09T14-09-58-038Z.json"}
{"ts":"2026-02-09T14:09:58.124Z","step":"before-submit-click-dumped","submitCandidateContexts":13,"submitCandidateTotal":2}
{"ts":"2026-02-09T14:09:58.240Z","step":"submit-clicked"}
{"ts":"2026-02-09T14:09:58.244Z","step":"publish-state-initial","publishState":"form"}
{"ts":"2026-02-09T14:09:58.343Z","step":"debug-saved","label":"after-submit-form","metaPath":"/Users/eurocare/Downloads/barvihaluxury-main/backend/data/debug/publish-Dnx_nilslol_freenet.de_-after-submit-form-2026-02-09T14-09-58-244Z.json"}
{"ts":"2026-02-09T14:10:00.394Z","step":"post-submit-transition","transition":{"outcome":"abschicken","url":"https://www.kleinanzeigen.de/p-anzeige-abschicken.html"}}
{"ts":"2026-02-09T14:10:00.394Z","step":"publish-abschicken-detected","reason":"transition-from-step2","url":"https://www.kleinanzeigen.de/p-anzeige-abschicken.html"}
{"ts":"2026-02-09T14:10:02.336Z","step":"debug-saved","label":"abschicken-pre-submit","metaPath":"/Users/eurocare/Downloads/barvihaluxury-main/backend/data/debug/publish-Dnx_nilslol_freenet.de_-abschicken-pre-submit-2026-02-09T14-10-02-215Z.json"}
{"ts":"2026-02-09T14:10:02.460Z","step":"publish-state-after-abschicken-submit","publishState":"form"}
{"ts":"2026-02-09T14:10:02.460Z","step":"publish-state-no-fallback","publishState":"form"}
{"ts":"2026-02-09T14:10:02.461Z","step":"publish-state-from-frames","publishState":"form"}
{"ts":"2026-02-09T14:10:02.461Z","step":"publish-form-errors-before-repair","errors":1}
{"ts":"2026-02-09T14:10:02.465Z","step":"publish-invalid-repair","totalInvalid":0,"fixedCount":0}
{"ts":"2026-02-09T14:10:02.915Z","step":"debug-saved","label":"abschicken-required-selects-applied","metaPath":"/Users/eurocare/Downloads/barvihaluxury-main/backend/data/debug/publish-Dnx_nilslol_freenet.de_-abschicken-required-selects-applied-2026-02-09T14-10-02-780Z.json"}
{"ts":"2026-02-09T14:10:02.915Z","step":"publish-form-abschicken-buy-now-not-needed"}
{"ts":"2026-02-09T14:10:02.952Z","step":"publish-server-error-repair","totalErrors":4,"fixedCount":4}
{"ts":"2026-02-09T14:10:03.095Z","step":"debug-saved","label":"publish-server-error-repair","metaPath":"/Users/eurocare/Downloads/barvihaluxury-main/backend/data/debug/publish-Dnx_nilslol_freenet.de_-publish-server-error-repair-2026-02-09T14-10-02-953Z.json"}
{"ts":"2026-02-09T14:10:03.096Z","step":"publish-resubmit","reason":"abschicken-repair","resubmitAttempts":1}
{"ts":"2026-02-09T14:10:03.456Z","step":"publish-state-after-resubmit","reason":"abschicken-repair","publishState":"form","resubmitAttempts":1}
{"ts":"2026-02-09T14:10:05.365Z","step":"publish-success-signals","publishState":"form","errors":1,"isPreview":false,"hasSuccessText":false,"hasShadowSuccessText":false,"hasAdLink":false,"progressDetected":true,"progressedAwayFromForm":false}
{"ts":"2026-02-09T14:10:05.367Z","step":"debug-saved","label":"publish-not-confirmed","metaPath":"/Users/eurocare/Downloads/barvihaluxury-main/backend/data/debug/publish-Dnx_nilslol_freenet.de_-publish-not-confirmed-2026-02-09T14-10-05-366Z.json"}
{"ts":"2026-02-09T14:30:27.216Z","step":"after-publish-input","resolvedCategoryId":"224","categoryPathIdsLength":2}
{"ts":"2026-02-09T14:30:27.217Z","step":"publish-flow-version","version":"2026-02-07-v5"}
{"ts":"2026-02-09T14:30:27.426Z","step":"fill-title-start"}
{"ts":"2026-02-09T14:30:33.229Z","step":"fill-title-done","success":true}
{"ts":"2026-02-09T14:30:33.230Z","step":"fill-description-start"}
{"ts":"2026-02-09T14:30:39.217Z","step":"fill-description-done","success":true}
{"ts":"2026-02-09T14:30:39.360Z","step":"fill-price-start"}
{"ts":"2026-02-09T14:30:39.660Z","step":"fill-price-done","success":true}
{"ts":"2026-02-09T14:30:44.529Z","step":"category-selection-skipped","reason":"category-already-set-in-form"}
{"ts":"2026-02-09T14:31:01.336Z","step":"debug-saved","label":"direct-buy-not-present","metaPath":"/Users/eurocare/Downloads/barvihaluxury-main/backend/data/debug/publish-Dnx_nilslol_freenet.de_-direct-buy-not-present-2026-02-09T14-31-01-215Z.json"}
{"ts":"2026-02-09T14:31:01.345Z","step":"extra-fields-applied","total":2,"appliedCount":0}
{"ts":"2026-02-09T14:31:01.346Z","step":"images-upload-start","count":1}
{"ts":"2026-02-09T14:31:05.290Z","step":"images-upload-done","success":true,"uploaded":true}
{"ts":"2026-02-09T14:31:05.479Z","step":"debug-saved","label":"images-upload","metaPath":"/Users/eurocare/Downloads/barvihaluxury-main/backend/data/debug/publish-Dnx_nilslol_freenet.de_-images-upload-2026-02-09T14-31-05-290Z.json"}
{"ts":"2026-02-09T14:31:05.998Z","step":"before-submit"}
{"ts":"2026-02-09T14:31:07.147Z","step":"debug-saved","label":"before-publish-page","metaPath":"/Users/eurocare/Downloads/barvihaluxury-main/backend/data/debug/publish-Dnx_nilslol_freenet.de_-before-publish-page-2026-02-09T14-31-07-003Z.json"}
{"ts":"2026-02-09T14:31:07.236Z","step":"debug-saved","label":"before-submit-click","metaPath":"/Users/eurocare/Downloads/barvihaluxury-main/backend/data/debug/publish-Dnx_nilslol_freenet.de_-before-submit-click-2026-02-09T14-31-07-152Z.json"}
{"ts":"2026-02-09T14:31:07.237Z","step":"before-submit-click-dumped","submitCandidateContexts":14,"submitCandidateTotal":2}
{"ts":"2026-02-09T14:31:07.357Z","step":"submit-clicked"}
{"ts":"2026-02-09T14:31:07.361Z","step":"publish-state-initial","publishState":"form"}
{"ts":"2026-02-09T14:31:07.479Z","step":"debug-saved","label":"after-submit-form","metaPath":"/Users/eurocare/Downloads/barvihaluxury-main/backend/data/debug/publish-Dnx_nilslol_freenet.de_-after-submit-form-2026-02-09T14-31-07-362Z.json"}
{"ts":"2026-02-09T14:32:37.488Z","step":"post-submit-transition","transition":null}
{"ts":"2026-02-09T14:32:37.490Z","step":"publish-state-no-fallback","publishState":"form"}
{"ts":"2026-02-09T14:32:37.499Z","step":"publish-state-from-frames","publishState":"form"}
{"ts":"2026-02-09T14:32:37.503Z","step":"publish-form-errors-before-repair","errors":0}
{"ts":"2026-02-09T14:32:37.503Z","step":"publish-invalid-repair-skipped","reason":"no-visible-errors"}
{"ts":"2026-02-09T14:33:07.554Z","step":"publish-success-signals","publishState":"form","errors":0,"isPreview":false,"publishStateSuccess":false,"isSuccessUrl":false,"hasPageTypeSuccess":false,"hasSuccessTitle":false,"hasSuccessText":false,"hasShadowSuccessText":false,"hasAdLink":true,"progressDetected":false,"progressedAwayFromForm":false}
{"ts":"2026-02-09T14:33:30.201Z","step":"publish-fallback-my-ads-check","verified":true,"method":"my-ads-ad-link","reason":""}
