{"ts":"2026-02-05T03:25:00.635Z","event":"start","requestId":"1770261900594-bs1ihi","ip":"::1","files":3}
{"ts":"2026-02-05T03:25:00.651Z","event":"payload","requestId":"1770261900594-bs1ihi","accountId":"17","titleLength":24,"descriptionLength":735,"price":"300","postalCode":"51645","categoryId":"172","categoryUrl":"https://www.kleinanzeigen.de/s-audio-hifi/c172","categoryPath":"[\"161\",\"172\"]","images":3}
{"ts":"2026-02-05T03:26:30.098Z","event":"start","requestId":"1770261990098-g1k6yx","ip":"::1","files":3}
{"ts":"2026-02-05T03:26:30.479Z","event":"payload","requestId":"1770261990098-g1k6yx","accountId":"17","titleLength":24,"descriptionLength":735,"price":"300","postalCode":"51645","categoryId":"172","categoryUrl":"https://www.kleinanzeigen.de/s-audio-hifi/c172","categoryPath":"[\"161\",\"172\"]","images":3}
{"ts":"2026-02-05T03:29:13.260Z","event":"publish-result","requestId":"1770261990098-g1k6yx","success":true,"error":""}
{"ts":"2026-02-05T03:29:13.262Z","event":"response-sent","requestId":"1770261990098-g1k6yx","success":true}
{"ts":"2026-02-05T03:29:13.263Z","event":"close","requestId":"1770261990098-g1k6yx","headersSent":true,"statusCode":200,"writableEnded":true}
{"ts":"2026-02-05T03:30:00.134Z","event":"publish-result","requestId":"1770261900594-bs1ihi","success":true,"error":""}
{"ts":"2026-02-05T03:30:00.135Z","event":"response-sent","requestId":"1770261900594-bs1ihi","success":true}
{"ts":"2026-02-05T03:30:00.135Z","event":"close","requestId":"1770261900594-bs1ihi","headersSent":true,"statusCode":200,"writableEnded":true}
{"ts":"2026-02-05T03:38:10.173Z","event":"start","requestId":"1770262690173-bj8vz5","ip":"::1","files":3}
{"ts":"2026-02-05T03:38:10.174Z","event":"payload","requestId":"1770262690173-bj8vz5","accountId":"17","titleLength":24,"descriptionLength":735,"price":"300","postalCode":"51645","categoryId":"172","categoryUrl":"https://www.kleinanzeigen.de/s-audio-hifi/c172","categoryPath":"[\"161\",\"172\"]","images":3}
{"ts":"2026-02-05T03:40:11.043Z","event":"publish-result","requestId":"1770262690173-bj8vz5","success":true,"error":""}
{"ts":"2026-02-05T03:40:11.045Z","event":"response-sent","requestId":"1770262690173-bj8vz5","success":true}
{"ts":"2026-02-05T03:40:11.047Z","event":"close","requestId":"1770262690173-bj8vz5","headersSent":true,"statusCode":200,"writableEnded":true}
{"ts":"2026-02-05T17:05:03.056Z","event":"start","requestId":"1770311103056-k3z46p","ip":"::1","files":3}
{"ts":"2026-02-05T17:05:03.057Z","event":"payload","requestId":"1770311103056-k3z46p","accountId":"18","titleLength":18,"descriptionLength":216,"price":"180","postalCode":"51645","categoryId":"230","categoryUrl":"https://www.kleinanzeigen.de/s-sport-camping/c230","categoryPath":"[\"185\",\"230\"]","images":3}
{"ts":"2026-02-05T17:06:17.557Z","event":"publish-result","requestId":"1770311103056-k3z46p","success":true,"error":""}
{"ts":"2026-02-05T17:06:17.562Z","event":"response-sent","requestId":"1770311103056-k3z46p","success":true}
{"ts":"2026-02-05T17:06:17.565Z","event":"close","requestId":"1770311103056-k3z46p","headersSent":true,"statusCode":200,"writableEnded":true}
